{"/Users/tomnguyen/Desktop/HRSF129 Repos/5erflies-hotel-more-places-service/client/src/components/App.jsx": {"path":"/Users/tomnguyen/Desktop/HRSF129 Repos/5erflies-hotel-more-places-service/client/src/components/App.jsx","statementMap":{"0":{"start":{"line":8,"column":12},"end":{"line":8,"column":34}},"1":{"start":{"line":12,"column":4},"end":{"line":12,"column":17}},"2":{"start":{"line":13,"column":4},"end":{"line":19,"column":55}},"3":{"start":{"line":20,"column":4},"end":{"line":20,"column":55}},"4":{"start":{"line":27,"column":4},"end":{"line":27,"column":25}},"5":{"start":{"line":32,"column":4},"end":{"line":34,"column":26}},"6":{"start":{"line":38,"column":4},"end":{"line":38,"column":51}},"7":{"start":{"line":69,"column":4},"end":{"line":74,"column":5}}},"fnMap":{"0":{"name":"(anonymous_0)","decl":{"start":{"line":11,"column":2},"end":{"line":11,"column":3}},"loc":{"start":{"line":11,"column":21},"end":{"line":24,"column":3}},"line":11},"1":{"name":"(anonymous_1)","decl":{"start":{"line":26,"column":2},"end":{"line":26,"column":3}},"loc":{"start":{"line":26,"column":22},"end":{"line":29,"column":3}},"line":26},"2":{"name":"(anonymous_2)","decl":{"start":{"line":31,"column":2},"end":{"line":31,"column":3}},"loc":{"start":{"line":31,"column":18},"end":{"line":35,"column":3}},"line":31},"3":{"name":"(anonymous_3)","decl":{"start":{"line":37,"column":2},"end":{"line":37,"column":3}},"loc":{"start":{"line":37,"column":28},"end":{"line":39,"column":3}},"line":37},"4":{"name":"(anonymous_4)","decl":{"start":{"line":68,"column":2},"end":{"line":68,"column":3}},"loc":{"start":{"line":68,"column":11},"end":{"line":75,"column":3}},"line":68}},"branchMap":{},"s":{"0":1,"1":2,"2":2,"3":2,"4":2,"5":3,"6":0,"7":2},"f":{"0":2,"1":2,"2":3,"3":0,"4":2},"b":{},"_coverageSchema":"1a1c01bbd47fc00a2c39e90264f33305004495a9","hash":"a96137c77eb2ad9079c446fa0b7c3e3ed7ea61b5"}
,"/Users/tomnguyen/Desktop/HRSF129 Repos/5erflies-hotel-more-places-service/client/src/components/morePlaces.jsx": {"path":"/Users/tomnguyen/Desktop/HRSF129 Repos/5erflies-hotel-more-places-service/client/src/components/morePlaces.jsx","statementMap":{"0":{"start":{"line":4,"column":17},"end":{"line":10,"column":1}},"1":{"start":{"line":5,"column":2},"end":{"line":9,"column":8}},"2":{"start":{"line":7,"column":6},"end":{"line":7,"column":62}}},"fnMap":{"0":{"name":"(anonymous_0)","decl":{"start":{"line":4,"column":17},"end":{"line":4,"column":18}},"loc":{"start":{"line":5,"column":2},"end":{"line":9,"column":8}},"line":5},"1":{"name":"(anonymous_1)","decl":{"start":{"line":6,"column":23},"end":{"line":6,"column":24}},"loc":{"start":{"line":7,"column":6},"end":{"line":7,"column":62}},"line":7}},"branchMap":{},"s":{"0":1,"1":1,"2":2},"f":{"0":1,"1":2},"b":{},"_coverageSchema":"1a1c01bbd47fc00a2c39e90264f33305004495a9","hash":"8aaac3b62e14b2bb8e3a3a6bf913d4c8abd50979"}
,"/Users/tomnguyen/Desktop/HRSF129 Repos/5erflies-hotel-more-places-service/client/src/components/morePlacesEntry.jsx": {"path":"/Users/tomnguyen/Desktop/HRSF129 Repos/5erflies-hotel-more-places-service/client/src/components/morePlacesEntry.jsx","statementMap":{"0":{"start":{"line":4,"column":22},"end":{"line":18,"column":1}},"1":{"start":{"line":5,"column":2},"end":{"line":17,"column":8}}},"fnMap":{"0":{"name":"(anonymous_0)","decl":{"start":{"line":4,"column":22},"end":{"line":4,"column":23}},"loc":{"start":{"line":5,"column":2},"end":{"line":17,"column":8}},"line":5}},"branchMap":{},"s":{"0":1,"1":1},"f":{"0":1},"b":{},"_coverageSchema":"1a1c01bbd47fc00a2c39e90264f33305004495a9","hash":"b6e6898f912d613a27478aceb4e496f702783bf8"}
,"/Users/tomnguyen/Desktop/HRSF129 Repos/5erflies-hotel-more-places-service/client/src/styleComponents/Button.js": {"path":"/Users/tomnguyen/Desktop/HRSF129 Repos/5erflies-hotel-more-places-service/client/src/styleComponents/Button.js","statementMap":{},"fnMap":{},"branchMap":{},"s":{},"f":{},"b":{},"_coverageSchema":"1a1c01bbd47fc00a2c39e90264f33305004495a9","hash":"2dda2f7dee58174a201cb56d7014151220c5d19c"}
,"/Users/tomnguyen/Desktop/HRSF129 Repos/5erflies-hotel-more-places-service/client/src/styleComponents/Image.js": {"path":"/Users/tomnguyen/Desktop/HRSF129 Repos/5erflies-hotel-more-places-service/client/src/styleComponents/Image.js","statementMap":{},"fnMap":{},"branchMap":{},"s":{},"f":{},"b":{},"_coverageSchema":"1a1c01bbd47fc00a2c39e90264f33305004495a9","hash":"c6c2434d8247c398a91e5bcad9c95e65df8da752"}
,"/Users/tomnguyen/Desktop/HRSF129 Repos/5erflies-hotel-more-places-service/client/src/styleComponents/Wrapper.js": {"path":"/Users/tomnguyen/Desktop/HRSF129 Repos/5erflies-hotel-more-places-service/client/src/styleComponents/Wrapper.js","statementMap":{},"fnMap":{},"branchMap":{},"s":{},"f":{},"b":{},"_coverageSchema":"1a1c01bbd47fc00a2c39e90264f33305004495a9","hash":"203be2d77f0ab0b3b27673686a089dd381f0e26a"}
}
