{"/Users/tomnguyen/Desktop/HRSF129 Repos/5erflies-hotel-more-places-service/client/src/components/App.jsx": {"path":"/Users/tomnguyen/Desktop/HRSF129 Repos/5erflies-hotel-more-places-service/client/src/components/App.jsx","statementMap":{"0":{"start":{"line":8,"column":12},"end":{"line":8,"column":34}},"1":{"start":{"line":12,"column":4},"end":{"line":12,"column":17}},"2":{"start":{"line":13,"column":4},"end":{"line":19,"column":55}},"3":{"start":{"line":20,"column":4},"end":{"line":20,"column":55}},"4":{"start":{"line":21,"column":4},"end":{"line":21,"column":51}},"5":{"start":{"line":22,"column":4},"end":{"line":22,"column":51}},"6":{"start":{"line":27,"column":4},"end":{"line":27,"column":25}},"7":{"start":{"line":28,"column":4},"end":{"line":28,"column":23}},"8":{"start":{"line":32,"column":4},"end":{"line":34,"column":26}},"9":{"start":{"line":38,"column":4},"end":{"line":38,"column":51}},"10":{"start":{"line":42,"column":4},"end":{"line":44,"column":26}},"11":{"start":{"line":48,"column":4},"end":{"line":48,"column":47}},"12":{"start":{"line":49,"column":4},"end":{"line":49,"column":36}},"13":{"start":{"line":66,"column":4},"end":{"line":71,"column":5}}},"fnMap":{"0":{"name":"(anonymous_0)","decl":{"start":{"line":11,"column":2},"end":{"line":11,"column":3}},"loc":{"start":{"line":11,"column":21},"end":{"line":24,"column":3}},"line":11},"1":{"name":"(anonymous_1)","decl":{"start":{"line":26,"column":2},"end":{"line":26,"column":3}},"loc":{"start":{"line":26,"column":22},"end":{"line":29,"column":3}},"line":26},"2":{"name":"(anonymous_2)","decl":{"start":{"line":31,"column":2},"end":{"line":31,"column":3}},"loc":{"start":{"line":31,"column":18},"end":{"line":35,"column":3}},"line":31},"3":{"name":"(anonymous_3)","decl":{"start":{"line":37,"column":2},"end":{"line":37,"column":3}},"loc":{"start":{"line":37,"column":28},"end":{"line":39,"column":3}},"line":37},"4":{"name":"(anonymous_4)","decl":{"start":{"line":41,"column":2},"end":{"line":41,"column":3}},"loc":{"start":{"line":41,"column":16},"end":{"line":45,"column":3}},"line":41},"5":{"name":"(anonymous_5)","decl":{"start":{"line":47,"column":2},"end":{"line":47,"column":3}},"loc":{"start":{"line":47,"column":24},"end":{"line":50,"column":3}},"line":47},"6":{"name":"(anonymous_6)","decl":{"start":{"line":65,"column":2},"end":{"line":65,"column":3}},"loc":{"start":{"line":65,"column":11},"end":{"line":72,"column":3}},"line":65}},"branchMap":{},"s":{"0":1,"1":3,"2":3,"3":3,"4":3,"5":3,"6":3,"7":3,"8":4,"9":0,"10":4,"11":0,"12":0,"13":3},"f":{"0":3,"1":3,"2":4,"3":0,"4":4,"5":0,"6":3},"b":{},"_coverageSchema":"1a1c01bbd47fc00a2c39e90264f33305004495a9","hash":"7197f9f053964fec3e6930a760763e806a579d7e"}
,"/Users/tomnguyen/Desktop/HRSF129 Repos/5erflies-hotel-more-places-service/client/src/components/morePlaces.jsx": {"path":"/Users/tomnguyen/Desktop/HRSF129 Repos/5erflies-hotel-more-places-service/client/src/components/morePlaces.jsx","statementMap":{"0":{"start":{"line":4,"column":17},"end":{"line":10,"column":1}},"1":{"start":{"line":5,"column":2},"end":{"line":9,"column":8}},"2":{"start":{"line":7,"column":6},"end":{"line":7,"column":62}}},"fnMap":{"0":{"name":"(anonymous_0)","decl":{"start":{"line":4,"column":17},"end":{"line":4,"column":18}},"loc":{"start":{"line":5,"column":2},"end":{"line":9,"column":8}},"line":5},"1":{"name":"(anonymous_1)","decl":{"start":{"line":6,"column":23},"end":{"line":6,"column":24}},"loc":{"start":{"line":7,"column":6},"end":{"line":7,"column":62}},"line":7}},"branchMap":{},"s":{"0":1,"1":1,"2":2},"f":{"0":1,"1":2},"b":{},"_coverageSchema":"1a1c01bbd47fc00a2c39e90264f33305004495a9","hash":"8aaac3b62e14b2bb8e3a3a6bf913d4c8abd50979"}
,"/Users/tomnguyen/Desktop/HRSF129 Repos/5erflies-hotel-more-places-service/client/src/components/morePlacesEntry.jsx": {"path":"/Users/tomnguyen/Desktop/HRSF129 Repos/5erflies-hotel-more-places-service/client/src/components/morePlacesEntry.jsx","statementMap":{"0":{"start":{"line":4,"column":22},"end":{"line":18,"column":1}},"1":{"start":{"line":5,"column":2},"end":{"line":17,"column":8}}},"fnMap":{"0":{"name":"(anonymous_0)","decl":{"start":{"line":4,"column":22},"end":{"line":4,"column":23}},"loc":{"start":{"line":5,"column":2},"end":{"line":17,"column":8}},"line":5}},"branchMap":{},"s":{"0":1,"1":1},"f":{"0":1},"b":{},"_coverageSchema":"1a1c01bbd47fc00a2c39e90264f33305004495a9","hash":"b6e6898f912d613a27478aceb4e496f702783bf8"}
,"/Users/tomnguyen/Desktop/HRSF129 Repos/5erflies-hotel-more-places-service/client/src/styleComponents/Button.js": {"path":"/Users/tomnguyen/Desktop/HRSF129 Repos/5erflies-hotel-more-places-service/client/src/styleComponents/Button.js","statementMap":{},"fnMap":{},"branchMap":{},"s":{},"f":{},"b":{},"_coverageSchema":"1a1c01bbd47fc00a2c39e90264f33305004495a9","hash":"2dda2f7dee58174a201cb56d7014151220c5d19c"}
,"/Users/tomnguyen/Desktop/HRSF129 Repos/5erflies-hotel-more-places-service/client/src/styleComponents/Image.js": {"path":"/Users/tomnguyen/Desktop/HRSF129 Repos/5erflies-hotel-more-places-service/client/src/styleComponents/Image.js","statementMap":{},"fnMap":{},"branchMap":{},"s":{},"f":{},"b":{},"_coverageSchema":"1a1c01bbd47fc00a2c39e90264f33305004495a9","hash":"c6c2434d8247c398a91e5bcad9c95e65df8da752"}
,"/Users/tomnguyen/Desktop/HRSF129 Repos/5erflies-hotel-more-places-service/client/src/styleComponents/Wrapper.js": {"path":"/Users/tomnguyen/Desktop/HRSF129 Repos/5erflies-hotel-more-places-service/client/src/styleComponents/Wrapper.js","statementMap":{},"fnMap":{},"branchMap":{},"s":{},"f":{},"b":{},"_coverageSchema":"1a1c01bbd47fc00a2c39e90264f33305004495a9","hash":"203be2d77f0ab0b3b27673686a089dd381f0e26a"}
}
