TN:
SF:client/src/components/App.jsx
FN:11,(anonymous_0)
FN:26,(anonymous_1)
FN:31,(anonymous_2)
FN:37,(anonymous_3)
FN:68,(anonymous_4)
FNF:5
FNH:4
FNDA:2,(anonymous_0)
FNDA:2,(anonymous_1)
FNDA:3,(anonymous_2)
FNDA:0,(anonymous_3)
FNDA:2,(anonymous_4)
DA:8,1
DA:12,2
DA:13,2
DA:20,2
DA:27,2
DA:32,3
DA:38,0
DA:69,2
LF:8
LH:7
BRF:0
BRH:0
end_of_record
TN:
SF:client/src/components/morePlaces.jsx
FN:4,(anonymous_0)
FN:6,(anonymous_1)
FNF:2
FNH:2
FNDA:1,(anonymous_0)
FNDA:2,(anonymous_1)
DA:4,1
DA:5,1
DA:7,2
LF:3
LH:3
BRF:0
BRH:0
end_of_record
TN:
SF:client/src/components/morePlacesEntry.jsx
FN:4,(anonymous_0)
FNF:1
FNH:1
FNDA:1,(anonymous_0)
DA:4,1
DA:5,1
LF:2
LH:2
BRF:0
BRH:0
end_of_record
TN:
SF:client/src/styleComponents/Button.js
FNF:0
FNH:0
LF:0
LH:0
BRF:0
BRH:0
end_of_record
TN:
SF:client/src/styleComponents/Image.js
FNF:0
FNH:0
LF:0
LH:0
BRF:0
BRH:0
end_of_record
TN:
SF:client/src/styleComponents/Wrapper.js
FNF:0
FNH:0
LF:0
LH:0
BRF:0
BRH:0
end_of_record
