TN:
SF:client/src/components/App.jsx
FN:11,(anonymous_0)
FN:26,(anonymous_1)
FN:31,(anonymous_2)
FN:37,(anonymous_3)
FN:41,(anonymous_4)
FN:47,(anonymous_5)
FN:65,(anonymous_6)
FNF:7
FNH:5
FNDA:3,(anonymous_0)
FNDA:3,(anonymous_1)
FNDA:4,(anonymous_2)
FNDA:0,(anonymous_3)
FNDA:4,(anonymous_4)
FNDA:0,(anonymous_5)
FNDA:3,(anonymous_6)
DA:8,1
DA:12,3
DA:13,3
DA:20,3
DA:21,3
DA:22,3
DA:27,3
DA:28,3
DA:32,4
DA:38,0
DA:42,4
DA:48,0
DA:49,0
DA:66,3
LF:14
LH:11
BRF:0
BRH:0
end_of_record
TN:
SF:client/src/components/morePlaces.jsx
FN:4,(anonymous_0)
FN:6,(anonymous_1)
FNF:2
FNH:2
FNDA:1,(anonymous_0)
FNDA:2,(anonymous_1)
DA:4,1
DA:5,1
DA:7,2
LF:3
LH:3
BRF:0
BRH:0
end_of_record
TN:
SF:client/src/components/morePlacesEntry.jsx
FN:4,(anonymous_0)
FNF:1
FNH:1
FNDA:1,(anonymous_0)
DA:4,1
DA:5,1
LF:2
LH:2
BRF:0
BRH:0
end_of_record
TN:
SF:client/src/styleComponents/Button.js
FNF:0
FNH:0
LF:0
LH:0
BRF:0
BRH:0
end_of_record
TN:
SF:client/src/styleComponents/Image.js
FNF:0
FNH:0
LF:0
LH:0
BRF:0
BRH:0
end_of_record
TN:
SF:client/src/styleComponents/Wrapper.js
FNF:0
FNH:0
LF:0
LH:0
BRF:0
BRH:0
end_of_record
